play/build/intermediates/manifest_merge_blame_file/debug/manifest-merger-blame-debug-report.txt
1<?xml version="1.0" encoding="utf-8"?>
2<manifest xmlns:android="http://schemas.android.com/apk/res/android"
3    xmlns:tools="http://schemas.android.com/tools"
4    package="com.inshort.play" >
5
6    <uses-sdk android:minSdkVersion="23" />
7
8    <application>
8-->src\main\AndroidManifest.xml:5:5-24:19
9        <activity
9-->src\main\AndroidManifest.xml:7:9-10:52
10            android:name="com.inshort.play.activity.PlayActivity"
10-->src\main\AndroidManifest.xml:7:19-56
11            android:exported="false"
11-->src\main\AndroidManifest.xml:8:13-37
12            android:launchMode="singleTop"
12-->src\main\AndroidManifest.xml:9:13-43
13            android:screenOrientation="portrait" />
13-->src\main\AndroidManifest.xml:10:13-49
14
15        <!-- aliyun播放器 -->
16        <meta-data
16-->src\main\AndroidManifest.xml:15:9-18:80
17            android:name="com.aliyun.alivc_license.licensekey"
17-->src\main\AndroidManifest.xml:17:13-63
18            android:value="CPbaCXjalDskmTBq6f0ee8a6639ab40138f0c757aebd440ab"
18-->src\main\AndroidManifest.xml:18:13-78
19            tools:node="replace" />
19-->src\main\AndroidManifest.xml:16:13-33
20        <meta-data
20-->src\main\AndroidManifest.xml:19:9-22:49
21            android:name="com.aliyun.alivc_license.licensefile"
21-->src\main\AndroidManifest.xml:21:13-64
22            android:value="assets/release.crt"
22-->src\main\AndroidManifest.xml:22:13-47
23            tools:node="replace" />
23-->src\main\AndroidManifest.xml:20:13-33
24    </application>
25
26</manifest>